<?xml version="1.0" encoding="utf-8"?><testsuites name="pytest tests"><testsuite name="pytest" errors="0" failures="0" skipped="0" tests="7" time="1.443" timestamp="2026-08-27T21:13:04.627208+00:00" hostname="agent-env-64a15e02-e279-4105-9c8b-e6f7931f290d"><testcase classname="tests.test_ledgerly_api" name="test_root" time="0.356" /><testcase classname="tests.test_ledgerly_api" name="test_list_workspaces_contains_created" time="0.202" /><testcase classname="tests.test_ledgerly_api" name="test_account_persisted" time="0.183" /><testcase classname="tests.test_ledgerly_api" name="test_account_workspace_missing_returns_404" time="0.098" /><testcase classname="tests.test_ledgerly_api" name="test_sync_transaction_round_trip" time="0.096" /><testcase classname="tests.test_ledgerly_api" name="test_sync_rejects_zero_amount" time="0.094" /><testcase classname="tests.test_ledgerly_api" name="test_sync_empty_batch" time="0.100" /></testsuite></testsuites>